  [1m[35m (0.2ms)[0m  [1m[34mSELECT sqlite_version(*)[0m
  ↳ /home/arjun/.rvm/gems/ruby-2.4.0/bin/rake:23
  [1m[35m (79.0ms)[0m  [1m[35mCREATE TABLE "schema_migrations" ("version" varchar NOT NULL PRIMARY KEY)[0m
  ↳ /home/arjun/.rvm/gems/ruby-2.4.0/bin/rake:23
  [1m[35m (28.3ms)[0m  [1m[35mCREATE TABLE "ar_internal_metadata" ("key" varchar NOT NULL PRIMARY KEY, "value" varchar, "created_at" datetime NOT NULL, "updated_at" datetime NOT NULL)[0m
  ↳ /home/arjun/.rvm/gems/ruby-2.4.0/bin/rake:23
  [1m[35m (0.2ms)[0m  [1m[34mSELECT "schema_migrations"."version" FROM "schema_migrations" ORDER BY "schema_migrations"."version" ASC[0m
  ↳ /home/arjun/.rvm/gems/ruby-2.4.0/bin/rake:23
Migrating to CreateUsers (20180727184819)
  [1m[35m (0.1ms)[0m  [1m[36mbegin transaction[0m
  ↳ /home/arjun/.rvm/gems/ruby-2.4.0/bin/rake:23
  [1m[35m (0.8ms)[0m  [1m[35mCREATE TABLE "users" ("id" integer PRIMARY KEY AUTOINCREMENT NOT NULL, "created_at" datetime NOT NULL, "updated_at" datetime NOT NULL, "email" varchar NOT NULL, "encrypted_password" varchar(128) NOT NULL, "confirmation_token" varchar(128), "remember_token" varchar(128) NOT NULL)[0m
  ↳ db/migrate/20180727184819_create_users.rb:3
  [1m[35m (0.1ms)[0m  [1m[35mCREATE  INDEX "index_users_on_email" ON "users" ("email")[0m
  ↳ db/migrate/20180727184819_create_users.rb:11
  [1m[35m (0.1ms)[0m  [1m[35mCREATE  INDEX "index_users_on_remember_token" ON "users" ("remember_token")[0m
  ↳ db/migrate/20180727184819_create_users.rb:12
  [1m[36mActiveRecord::SchemaMigration Create (0.2ms)[0m  [1m[32mINSERT INTO "schema_migrations" ("version") VALUES (?)[0m  [["version", "20180727184819"]]
  ↳ /home/arjun/.rvm/gems/ruby-2.4.0/bin/rake:23
  [1m[35m (38.0ms)[0m  [1m[36mcommit transaction[0m
  ↳ /home/arjun/.rvm/gems/ruby-2.4.0/bin/rake:23
  [1m[36mActiveRecord::InternalMetadata Load (0.5ms)[0m  [1m[34mSELECT  "ar_internal_metadata".* FROM "ar_internal_metadata" WHERE "ar_internal_metadata"."key" = ? LIMIT ?[0m  [["key", "environment"], ["LIMIT", 1]]
  ↳ /home/arjun/.rvm/gems/ruby-2.4.0/bin/rake:23
  [1m[35m (0.1ms)[0m  [1m[36mbegin transaction[0m
  ↳ /home/arjun/.rvm/gems/ruby-2.4.0/bin/rake:23
  [1m[36mActiveRecord::InternalMetadata Create (0.6ms)[0m  [1m[32mINSERT INTO "ar_internal_metadata" ("key", "value", "created_at", "updated_at") VALUES (?, ?, ?, ?)[0m  [["key", "environment"], ["value", "development"], ["created_at", "2018-07-27 18:55:28.113591"], ["updated_at", "2018-07-27 18:55:28.113591"]]
  ↳ /home/arjun/.rvm/gems/ruby-2.4.0/bin/rake:23
  [1m[35m (13.8ms)[0m  [1m[36mcommit transaction[0m
  ↳ /home/arjun/.rvm/gems/ruby-2.4.0/bin/rake:23
  [1m[35m (0.4ms)[0m  [1m[34mSELECT "schema_migrations"."version" FROM "schema_migrations" ORDER BY "schema_migrations"."version" ASC[0m
  ↳ /home/arjun/.rvm/gems/ruby-2.4.0/bin/rake:23
Started GET "/" for 127.0.0.1 at 2018-07-28 00:26:46 +0530
  [1m[35m (0.1ms)[0m  [1m[34mSELECT "schema_migrations"."version" FROM "schema_migrations" ORDER BY "schema_migrations"."version" ASC[0m
  ↳ /home/arjun/.rvm/gems/ruby-2.4.0/gems/activerecord-5.2.0/lib/active_record/log_subscriber.rb:98
Processing by Rails::WelcomeController#index as HTML
  Rendering /home/arjun/.rvm/gems/ruby-2.4.0/gems/railties-5.2.0/lib/rails/templates/rails/welcome/index.html.erb
  Rendered /home/arjun/.rvm/gems/ruby-2.4.0/gems/railties-5.2.0/lib/rails/templates/rails/welcome/index.html.erb (2.1ms)
Completed 200 OK in 10ms (Views: 4.8ms | ActiveRecord: 0.0ms)


Started GET "/sign_up" for 127.0.0.1 at 2018-07-28 00:27:04 +0530
Processing by Clearance::UsersController#new as HTML
  Rendering /home/arjun/.rvm/gems/ruby-2.4.0/gems/clearance-1.15.1/app/views/users/new.html.erb within layouts/application
  Rendered /home/arjun/.rvm/gems/ruby-2.4.0/gems/clearance-1.15.1/app/views/users/_form.html.erb (16.1ms)
  Rendered /home/arjun/.rvm/gems/ruby-2.4.0/gems/clearance-1.15.1/app/views/users/new.html.erb within layouts/application (30.4ms)
Completed 200 OK in 256ms (Views: 232.0ms | ActiveRecord: 0.5ms)


Started POST "/users" for 127.0.0.1 at 2018-07-28 00:27:13 +0530
Processing by Clearance::UsersController#create as HTML
  Parameters: {"utf8"=>"✓", "authenticity_token"=>"[FILTERED]", "user"=>{"email"=>"arjunnicas@gmail.com", "password"=>"[FILTERED]"}, "commit"=>"Sign up"}
  [1m[35m (0.1ms)[0m  [1m[36mbegin transaction[0m
  ↳ /home/arjun/.rvm/gems/ruby-2.4.0/gems/activerecord-5.2.0/lib/active_record/log_subscriber.rb:98
  [1m[36mUser Exists (0.1ms)[0m  [1m[34mSELECT  1 AS one FROM "users" WHERE "users"."email" = ? LIMIT ?[0m  [["email", "arjunnicas@gmail.com"], ["LIMIT", 1]]
  ↳ /home/arjun/.rvm/gems/ruby-2.4.0/gems/activerecord-5.2.0/lib/active_record/log_subscriber.rb:98
  [1m[36mUser Create (0.9ms)[0m  [1m[32mINSERT INTO "users" ("created_at", "updated_at", "email", "encrypted_password", "remember_token") VALUES (?, ?, ?, ?, ?)[0m  [["created_at", "2018-07-27 18:57:13.770089"], ["updated_at", "2018-07-27 18:57:13.770089"], ["email", "arjunnicas@gmail.com"], ["encrypted_password", "$2a$10$TUh6/Uo76nc6q8Bhz2OIGuzU8ZN91loE3jinlE2g/E3.a44WC/H1a"], ["remember_token", "336a9b8227a64182a0336a8fa7a54b06fbcffe36"]]
  ↳ /home/arjun/.rvm/gems/ruby-2.4.0/gems/activerecord-5.2.0/lib/active_record/log_subscriber.rb:98
  [1m[35m (26.6ms)[0m  [1m[36mcommit transaction[0m
  ↳ /home/arjun/.rvm/gems/ruby-2.4.0/gems/activerecord-5.2.0/lib/active_record/log_subscriber.rb:98
Redirected to http://localhost:3000/
Completed 302 Found in 103ms (ActiveRecord: 27.7ms)


Started GET "/" for 127.0.0.1 at 2018-07-28 00:38:18 +0530
Processing by WelcomeController#show as HTML
  Rendering welcome/show.html.erb within layouts/application
  Rendered welcome/show.html.erb within layouts/application (0.3ms)
  [1m[36mUser Load (0.2ms)[0m  [1m[34mSELECT  "users".* FROM "users" WHERE "users"."remember_token" = ? ORDER BY "users"."id" ASC LIMIT ?[0m  [["remember_token", "336a9b8227a64182a0336a8fa7a54b06fbcffe36"], ["LIMIT", 1]]
  ↳ app/views/layouts/application.html.erb:14
Completed 200 OK in 32ms (Views: 29.3ms | ActiveRecord: 1.2ms)


Started DELETE "/sign_out" for 127.0.0.1 at 2018-07-28 00:38:26 +0530
Processing by Clearance::SessionsController#destroy as HTML
  Parameters: {"authenticity_token"=>"[FILTERED]"}
  [1m[36mUser Load (0.3ms)[0m  [1m[34mSELECT  "users".* FROM "users" WHERE "users"."remember_token" = ? ORDER BY "users"."id" ASC LIMIT ?[0m  [["remember_token", "336a9b8227a64182a0336a8fa7a54b06fbcffe36"], ["LIMIT", 1]]
  ↳ /home/arjun/.rvm/gems/ruby-2.4.0/gems/activerecord-5.2.0/lib/active_record/log_subscriber.rb:98
  [1m[35m (0.1ms)[0m  [1m[36mbegin transaction[0m
  ↳ /home/arjun/.rvm/gems/ruby-2.4.0/gems/activerecord-5.2.0/lib/active_record/log_subscriber.rb:98
  [1m[36mUser Update (0.3ms)[0m  [1m[33mUPDATE "users" SET "remember_token" = ?, "updated_at" = ? WHERE "users"."id" = ?[0m  [["remember_token", "6c8d5bd76fc59c8984f97308fad5b6be28baa620"], ["updated_at", "2018-07-27 19:08:26.538234"], ["id", 1]]
  ↳ /home/arjun/.rvm/gems/ruby-2.4.0/gems/activerecord-5.2.0/lib/active_record/log_subscriber.rb:98
  [1m[35m (26.8ms)[0m  [1m[36mcommit transaction[0m
  ↳ /home/arjun/.rvm/gems/ruby-2.4.0/gems/activerecord-5.2.0/lib/active_record/log_subscriber.rb:98
Redirected to http://localhost:3000/sign_in
Completed 302 Found in 41ms (ActiveRecord: 27.5ms)


Started GET "/sign_in" for 127.0.0.1 at 2018-07-28 00:38:26 +0530
Processing by Clearance::SessionsController#new as HTML
  Rendering /home/arjun/.rvm/gems/ruby-2.4.0/gems/clearance-1.15.1/app/views/sessions/new.html.erb within layouts/application
  Rendered /home/arjun/.rvm/gems/ruby-2.4.0/gems/clearance-1.15.1/app/views/sessions/_form.html.erb (9.1ms)
  Rendered /home/arjun/.rvm/gems/ruby-2.4.0/gems/clearance-1.15.1/app/views/sessions/new.html.erb within layouts/application (12.8ms)
Completed 200 OK in 41ms (Views: 39.6ms | ActiveRecord: 0.0ms)


